2012-01-15 18:01:47 Error: [MissingTableException] Database table setors for model Setor was not found.
#0 /var/www/tcc/lib/Cake/Model/Model.php(3258): Model->setSource('setors')
#1 /var/www/tcc/lib/Cake/Model/Datasource/DboSource.php(1026): Model->getDataSource()
#2 /var/www/tcc/lib/Cake/Model/Model.php(2483): DboSource->read(Object(Chamado), Array)
#3 /var/www/tcc/app/Controller/ChamadosController.php(8): Model->find('all')
#4 [internal function]: ChamadosController->index()
#5 /var/www/tcc/lib/Cake/Controller/Controller.php(473): ReflectionMethod->invokeArgs(Object(ChamadosController), Array)
#6 /var/www/tcc/lib/Cake/Routing/Dispatcher.php(104): Controller->invokeAction(Object(CakeRequest))
#7 /var/www/tcc/lib/Cake/Routing/Dispatcher.php(86): Dispatcher->_invoke(Object(ChamadosController), Object(CakeRequest), Object(CakeResponse))
#8 /var/www/tcc/app/webroot/index.php(96): Dispatcher->dispatch(Object(CakeRequest), Object(CakeResponse))
#9 {main}
2012-01-15 18:05:20 Error: [MissingTableException] Database table setors for model Setor was not found.
#0 /var/www/tcc/lib/Cake/Model/Model.php(3258): Model->setSource('setors')
#1 /var/www/tcc/lib/Cake/Model/Datasource/DboSource.php(1026): Model->getDataSource()
#2 /var/www/tcc/lib/Cake/Model/Model.php(2483): DboSource->read(Object(Chamado), Array)
#3 /var/www/tcc/app/Controller/ChamadosController.php(8): Model->find('all')
#4 [internal function]: ChamadosController->index()
#5 /var/www/tcc/lib/Cake/Controller/Controller.php(473): ReflectionMethod->invokeArgs(Object(ChamadosController), Array)
#6 /var/www/tcc/lib/Cake/Routing/Dispatcher.php(104): Controller->invokeAction(Object(CakeRequest))
#7 /var/www/tcc/lib/Cake/Routing/Dispatcher.php(86): Dispatcher->_invoke(Object(ChamadosController), Object(CakeRequest), Object(CakeResponse))
#8 /var/www/tcc/app/webroot/index.php(96): Dispatcher->dispatch(Object(CakeRequest), Object(CakeResponse))
#9 {main}
2012-01-15 18:06:45 Error: [MissingTableException] Database table /setores/ for model Setor was not found.
#0 /var/www/tcc/lib/Cake/Model/Model.php(3258): Model->setSource('/setores/')
#1 /var/www/tcc/lib/Cake/Model/Datasource/DboSource.php(1026): Model->getDataSource()
#2 /var/www/tcc/lib/Cake/Model/Model.php(2483): DboSource->read(Object(Chamado), Array)
#3 /var/www/tcc/app/Controller/ChamadosController.php(8): Model->find('all')
#4 [internal function]: ChamadosController->index()
#5 /var/www/tcc/lib/Cake/Controller/Controller.php(473): ReflectionMethod->invokeArgs(Object(ChamadosController), Array)
#6 /var/www/tcc/lib/Cake/Routing/Dispatcher.php(104): Controller->invokeAction(Object(CakeRequest))
#7 /var/www/tcc/lib/Cake/Routing/Dispatcher.php(86): Dispatcher->_invoke(Object(ChamadosController), Object(CakeRequest), Object(CakeResponse))
#8 /var/www/tcc/app/webroot/index.php(96): Dispatcher->dispatch(Object(CakeRequest), Object(CakeResponse))
#9 {main}
2012-01-15 18:07:01 Error: [MissingTableException] Database table /setores/ for model Setor was not found.
#0 /var/www/tcc/lib/Cake/Model/Model.php(3258): Model->setSource('/setores/')
#1 /var/www/tcc/lib/Cake/Model/Datasource/DboSource.php(1026): Model->getDataSource()
#2 /var/www/tcc/lib/Cake/Model/Model.php(2483): DboSource->read(Object(Chamado), Array)
#3 /var/www/tcc/app/Controller/ChamadosController.php(8): Model->find('all')
#4 [internal function]: ChamadosController->index()
#5 /var/www/tcc/lib/Cake/Controller/Controller.php(473): ReflectionMethod->invokeArgs(Object(ChamadosController), Array)
#6 /var/www/tcc/lib/Cake/Routing/Dispatcher.php(104): Controller->invokeAction(Object(CakeRequest))
#7 /var/www/tcc/lib/Cake/Routing/Dispatcher.php(86): Dispatcher->_invoke(Object(ChamadosController), Object(CakeRequest), Object(CakeResponse))
#8 /var/www/tcc/app/webroot/index.php(96): Dispatcher->dispatch(Object(CakeRequest), Object(CakeResponse))
#9 {main}
2012-01-15 18:07:15 Error: [MissingHelperException] Helper class JavascriptHelper could not be found.
#0 /var/www/tcc/lib/Cake/View/View.php(574): HelperCollection->load('Javascript', Array)
#1 /var/www/tcc/lib/Cake/View/View.php(356): View->loadHelpers()
#2 /var/www/tcc/lib/Cake/Controller/Controller.php(900): View->render(NULL, NULL)
#3 /var/www/tcc/lib/Cake/Routing/Dispatcher.php(111): Controller->render()
#4 /var/www/tcc/lib/Cake/Routing/Dispatcher.php(86): Dispatcher->_invoke(Object(ChamadosController), Object(CakeRequest), Object(CakeResponse))
#5 /var/www/tcc/app/webroot/index.php(96): Dispatcher->dispatch(Object(CakeRequest), Object(CakeResponse))
#6 {main}
2012-01-15 18:07:42 Error: [MissingViewException] View file "/var/www/tcc/app/View/Chamados/index.ctp" is missing.
#0 /var/www/tcc/lib/Cake/View/View.php(360): View->_getViewFileName(NULL)
#1 /var/www/tcc/lib/Cake/Controller/Controller.php(900): View->render(NULL, NULL)
#2 /var/www/tcc/lib/Cake/Routing/Dispatcher.php(111): Controller->render()
#3 /var/www/tcc/lib/Cake/Routing/Dispatcher.php(86): Dispatcher->_invoke(Object(ChamadosController), Object(CakeRequest), Object(CakeResponse))
#4 /var/www/tcc/app/webroot/index.php(96): Dispatcher->dispatch(Object(CakeRequest), Object(CakeResponse))
#5 {main}
2012-01-15 18:08:16 Error: [MissingViewException] View file "/var/www/tcc/app/View/Chamados/index.ctp" is missing.
#0 /var/www/tcc/lib/Cake/View/View.php(360): View->_getViewFileName(NULL)
#1 /var/www/tcc/lib/Cake/Controller/Controller.php(900): View->render(NULL, NULL)
#2 /var/www/tcc/lib/Cake/Routing/Dispatcher.php(111): Controller->render()
#3 /var/www/tcc/lib/Cake/Routing/Dispatcher.php(86): Dispatcher->_invoke(Object(ChamadosController), Object(CakeRequest), Object(CakeResponse))
#4 /var/www/tcc/app/webroot/index.php(96): Dispatcher->dispatch(Object(CakeRequest), Object(CakeResponse))
#5 {main}
2012-01-15 18:08:31 Error: [MissingViewException] View file "/var/www/tcc/app/View/Chamados/index.ctp" is missing.
#0 /var/www/tcc/lib/Cake/View/View.php(360): View->_getViewFileName(NULL)
#1 /var/www/tcc/lib/Cake/Controller/Controller.php(900): View->render(NULL, NULL)
#2 /var/www/tcc/lib/Cake/Routing/Dispatcher.php(111): Controller->render()
#3 /var/www/tcc/lib/Cake/Routing/Dispatcher.php(86): Dispatcher->_invoke(Object(ChamadosController), Object(CakeRequest), Object(CakeResponse))
#4 /var/www/tcc/app/webroot/index.php(96): Dispatcher->dispatch(Object(CakeRequest), Object(CakeResponse))
#5 {main}
2012-01-15 18:08:31 Error: [MissingViewException] View file "/var/www/tcc/app/View/Chamados/index.ctp" is missing.
#0 /var/www/tcc/lib/Cake/View/View.php(360): View->_getViewFileName(NULL)
#1 /var/www/tcc/lib/Cake/Controller/Controller.php(900): View->render(NULL, NULL)
#2 /var/www/tcc/lib/Cake/Routing/Dispatcher.php(111): Controller->render()
#3 /var/www/tcc/lib/Cake/Routing/Dispatcher.php(86): Dispatcher->_invoke(Object(ChamadosController), Object(CakeRequest), Object(CakeResponse))
#4 /var/www/tcc/app/webroot/index.php(96): Dispatcher->dispatch(Object(CakeRequest), Object(CakeResponse))
#5 {main}
2012-01-15 18:09:04 Error: [MissingViewException] View file "/var/www/tcc/app/View/Chamados/index.ctp" is missing.
#0 /var/www/tcc/lib/Cake/View/View.php(360): View->_getViewFileName(NULL)
#1 /var/www/tcc/lib/Cake/Controller/Controller.php(900): View->render(NULL, NULL)
#2 /var/www/tcc/lib/Cake/Routing/Dispatcher.php(111): Controller->render()
#3 /var/www/tcc/lib/Cake/Routing/Dispatcher.php(86): Dispatcher->_invoke(Object(ChamadosController), Object(CakeRequest), Object(CakeResponse))
#4 /var/www/tcc/app/webroot/index.php(96): Dispatcher->dispatch(Object(CakeRequest), Object(CakeResponse))
#5 {main}
2012-01-15 18:09:06 Error: [MissingViewException] View file "/var/www/tcc/app/View/Chamados/index.ctp" is missing.
#0 /var/www/tcc/lib/Cake/View/View.php(360): View->_getViewFileName(NULL)
#1 /var/www/tcc/lib/Cake/Controller/Controller.php(900): View->render(NULL, NULL)
#2 /var/www/tcc/lib/Cake/Routing/Dispatcher.php(111): Controller->render()
#3 /var/www/tcc/lib/Cake/Routing/Dispatcher.php(86): Dispatcher->_invoke(Object(ChamadosController), Object(CakeRequest), Object(CakeResponse))
#4 /var/www/tcc/app/webroot/index.php(96): Dispatcher->dispatch(Object(CakeRequest), Object(CakeResponse))
#5 {main}
2012-01-15 18:46:43 Error: [MissingViewException] View file "/var/www/tcc/app/View/Chamados/index.ctp" is missing.
#0 /var/www/tcc/lib/Cake/View/View.php(360): View->_getViewFileName(NULL)
#1 /var/www/tcc/lib/Cake/Controller/Controller.php(900): View->render(NULL, NULL)
#2 /var/www/tcc/lib/Cake/Routing/Dispatcher.php(111): Controller->render()
#3 /var/www/tcc/lib/Cake/Routing/Dispatcher.php(86): Dispatcher->_invoke(Object(ChamadosController), Object(CakeRequest), Object(CakeResponse))
#4 /var/www/tcc/app/webroot/index.php(96): Dispatcher->dispatch(Object(CakeRequest), Object(CakeResponse))
#5 {main}
2012-01-22 22:27:07 Error: [MissingControllerException] Controller class CssController could not be found.
#0 C:\xampp\htdocs\tcc\app\webroot\index.php(96): Dispatcher->dispatch(Object(CakeRequest), Object(CakeResponse))
#1 {main}
2012-01-22 23:06:27 Error: [MissingControllerException] Controller class ImgController could not be found.
#0 C:\xampp\htdocs\tcc\app\webroot\index.php(96): Dispatcher->dispatch(Object(CakeRequest), Object(CakeResponse))
#1 {main}
2012-01-22 23:06:43 Error: [MissingControllerException] Controller class ImgController could not be found.
#0 C:\xampp\htdocs\tcc\app\webroot\index.php(96): Dispatcher->dispatch(Object(CakeRequest), Object(CakeResponse))
#1 {main}
2012-01-22 23:07:02 Error: [MissingControllerException] Controller class ImgController could not be found.
#0 C:\xampp\htdocs\tcc\app\webroot\index.php(96): Dispatcher->dispatch(Object(CakeRequest), Object(CakeResponse))
#1 {main}
2012-01-22 23:07:25 Error: [MissingControllerException] Controller class ImgController could not be found.
#0 C:\xampp\htdocs\tcc\app\webroot\index.php(96): Dispatcher->dispatch(Object(CakeRequest), Object(CakeResponse))
#1 {main}
2012-01-22 23:07:49 Error: [MissingControllerException] Controller class CssController could not be found.
#0 C:\xampp\htdocs\tcc\app\webroot\index.php(96): Dispatcher->dispatch(Object(CakeRequest), Object(CakeResponse))
#1 {main}
2012-01-22 23:07:52 Error: [MissingControllerException] Controller class CssController could not be found.
#0 C:\xampp\htdocs\tcc\app\webroot\index.php(96): Dispatcher->dispatch(Object(CakeRequest), Object(CakeResponse))
#1 {main}
2012-01-22 23:07:53 Error: [MissingControllerException] Controller class CssController could not be found.
#0 C:\xampp\htdocs\tcc\app\webroot\index.php(96): Dispatcher->dispatch(Object(CakeRequest), Object(CakeResponse))
#1 {main}
2012-01-22 23:08:00 Error: [MissingControllerException] Controller class CssController could not be found.
#0 C:\xampp\htdocs\tcc\app\webroot\index.php(96): Dispatcher->dispatch(Object(CakeRequest), Object(CakeResponse))
#1 {main}
2012-01-22 23:08:01 Error: [MissingControllerException] Controller class CssController could not be found.
#0 C:\xampp\htdocs\tcc\app\webroot\index.php(96): Dispatcher->dispatch(Object(CakeRequest), Object(CakeResponse))
#1 {main}
2012-01-22 23:08:05 Error: [MissingControllerException] Controller class CssController could not be found.
#0 C:\xampp\htdocs\tcc\app\webroot\index.php(96): Dispatcher->dispatch(Object(CakeRequest), Object(CakeResponse))
#1 {main}
2012-01-22 23:08:06 Error: [MissingControllerException] Controller class CssController could not be found.
#0 C:\xampp\htdocs\tcc\app\webroot\index.php(96): Dispatcher->dispatch(Object(CakeRequest), Object(CakeResponse))
#1 {main}
2012-01-22 23:08:07 Error: [MissingControllerException] Controller class CssController could not be found.
#0 C:\xampp\htdocs\tcc\app\webroot\index.php(96): Dispatcher->dispatch(Object(CakeRequest), Object(CakeResponse))
#1 {main}
2012-01-22 23:08:08 Error: [MissingControllerException] Controller class CssController could not be found.
#0 C:\xampp\htdocs\tcc\app\webroot\index.php(96): Dispatcher->dispatch(Object(CakeRequest), Object(CakeResponse))
#1 {main}
2012-01-22 23:08:11 Error: [MissingControllerException] Controller class WebrootController could not be found.
#0 C:\xampp\htdocs\tcc\app\webroot\index.php(96): Dispatcher->dispatch(Object(CakeRequest), Object(CakeResponse))
#1 {main}
2012-01-22 23:57:27 Error: [MissingControllerException] Controller class ImgController could not be found.
#0 C:\xampp\htdocs\tcc\app\webroot\index.php(96): Dispatcher->dispatch(Object(CakeRequest), Object(CakeResponse))
#1 {main}
2012-01-22 23:57:33 Error: [MissingControllerException] Controller class ImgController could not be found.
#0 C:\xampp\htdocs\tcc\app\webroot\index.php(96): Dispatcher->dispatch(Object(CakeRequest), Object(CakeResponse))
#1 {main}
2012-01-28 11:28:26 Warning: Warning (2): include(/var/www/tcc/app/webroot//css.php): failed to open stream: No such file or directory in [/var/www/tcc/lib/Cake/Routing/Dispatcher.php, line 258]
Trace:
Dispatcher::asset() - CORE/Cake/Routing/Dispatcher.php, line 258
Dispatcher::asset() - CORE/Cake/Routing/Dispatcher.php, line 258
Dispatcher::dispatch() - CORE/Cake/Routing/Dispatcher.php, line 71
[main] - APP/webroot/index.php, line 96

2012-01-28 11:28:26 Warning: Warning (2): include() [http://php.net/function.include]: Failed opening '/var/www/tcc/app/webroot//css.php' for inclusion (include_path='/var/www/tcc/lib:.:/usr/share/php:/usr/share/pear') in [/var/www/tcc/lib/Cake/Routing/Dispatcher.php, line 258]
Trace:
Dispatcher::asset() - CORE/Cake/Routing/Dispatcher.php, line 258
Dispatcher::asset() - CORE/Cake/Routing/Dispatcher.php, line 258
Dispatcher::dispatch() - CORE/Cake/Routing/Dispatcher.php, line 71
[main] - APP/webroot/index.php, line 96

2012-01-28 11:28:26 Warning: Warning (2): include(/var/www/tcc/app/webroot//css.php): failed to open stream: No such file or directory in [/var/www/tcc/lib/Cake/Routing/Dispatcher.php, line 258]
Trace:
Dispatcher::asset() - CORE/Cake/Routing/Dispatcher.php, line 258
Dispatcher::asset() - CORE/Cake/Routing/Dispatcher.php, line 258
Dispatcher::dispatch() - CORE/Cake/Routing/Dispatcher.php, line 71
[main] - APP/webroot/index.php, line 96

2012-01-28 11:28:26 Warning: Warning (2): include() [http://php.net/function.include]: Failed opening '/var/www/tcc/app/webroot//css.php' for inclusion (include_path='/var/www/tcc/lib:.:/usr/share/php:/usr/share/pear') in [/var/www/tcc/lib/Cake/Routing/Dispatcher.php, line 258]
Trace:
Dispatcher::asset() - CORE/Cake/Routing/Dispatcher.php, line 258
Dispatcher::asset() - CORE/Cake/Routing/Dispatcher.php, line 258
Dispatcher::dispatch() - CORE/Cake/Routing/Dispatcher.php, line 71
[main] - APP/webroot/index.php, line 96

2012-01-28 11:28:26 Warning: Warning (2): include(/var/www/tcc/app/webroot//css.php): failed to open stream: No such file or directory in [/var/www/tcc/lib/Cake/Routing/Dispatcher.php, line 258]
Trace:
Dispatcher::asset() - CORE/Cake/Routing/Dispatcher.php, line 258
Dispatcher::asset() - CORE/Cake/Routing/Dispatcher.php, line 258
Dispatcher::dispatch() - CORE/Cake/Routing/Dispatcher.php, line 71
[main] - APP/webroot/index.php, line 96

2012-01-28 11:28:26 Warning: Warning (2): include() [http://php.net/function.include]: Failed opening '/var/www/tcc/app/webroot//css.php' for inclusion (include_path='/var/www/tcc/lib:.:/usr/share/php:/usr/share/pear') in [/var/www/tcc/lib/Cake/Routing/Dispatcher.php, line 258]
Trace:
Dispatcher::asset() - CORE/Cake/Routing/Dispatcher.php, line 258
Dispatcher::asset() - CORE/Cake/Routing/Dispatcher.php, line 258
Dispatcher::dispatch() - CORE/Cake/Routing/Dispatcher.php, line 71
[main] - APP/webroot/index.php, line 96

2012-01-28 11:28:47 Warning: Warning (2): include(/var/www/tcc/app/webroot//css.php): failed to open stream: No such file or directory in [/var/www/tcc/lib/Cake/Routing/Dispatcher.php, line 258]
Trace:
Dispatcher::asset() - CORE/Cake/Routing/Dispatcher.php, line 258
Dispatcher::asset() - CORE/Cake/Routing/Dispatcher.php, line 258
Dispatcher::dispatch() - CORE/Cake/Routing/Dispatcher.php, line 71
[main] - APP/webroot/index.php, line 96

2012-01-28 11:28:47 Warning: Warning (2): include() [http://php.net/function.include]: Failed opening '/var/www/tcc/app/webroot//css.php' for inclusion (include_path='/var/www/tcc/lib:.:/usr/share/php:/usr/share/pear') in [/var/www/tcc/lib/Cake/Routing/Dispatcher.php, line 258]
Trace:
Dispatcher::asset() - CORE/Cake/Routing/Dispatcher.php, line 258
Dispatcher::asset() - CORE/Cake/Routing/Dispatcher.php, line 258
Dispatcher::dispatch() - CORE/Cake/Routing/Dispatcher.php, line 71
[main] - APP/webroot/index.php, line 96

2012-01-28 11:28:47 Warning: Warning (2): include(/var/www/tcc/app/webroot//css.php): failed to open stream: No such file or directory in [/var/www/tcc/lib/Cake/Routing/Dispatcher.php, line 258]
Trace:
Dispatcher::asset() - CORE/Cake/Routing/Dispatcher.php, line 258
Dispatcher::asset() - CORE/Cake/Routing/Dispatcher.php, line 258
Dispatcher::dispatch() - CORE/Cake/Routing/Dispatcher.php, line 71
[main] - APP/webroot/index.php, line 96

2012-01-28 11:28:47 Warning: Warning (2): include() [http://php.net/function.include]: Failed opening '/var/www/tcc/app/webroot//css.php' for inclusion (include_path='/var/www/tcc/lib:.:/usr/share/php:/usr/share/pear') in [/var/www/tcc/lib/Cake/Routing/Dispatcher.php, line 258]
Trace:
Dispatcher::asset() - CORE/Cake/Routing/Dispatcher.php, line 258
Dispatcher::asset() - CORE/Cake/Routing/Dispatcher.php, line 258
Dispatcher::dispatch() - CORE/Cake/Routing/Dispatcher.php, line 71
[main] - APP/webroot/index.php, line 96

2012-01-28 11:28:47 Warning: Warning (2): include(/var/www/tcc/app/webroot//css.php): failed to open stream: No such file or directory in [/var/www/tcc/lib/Cake/Routing/Dispatcher.php, line 258]
Trace:
Dispatcher::asset() - CORE/Cake/Routing/Dispatcher.php, line 258
Dispatcher::asset() - CORE/Cake/Routing/Dispatcher.php, line 258
Dispatcher::dispatch() - CORE/Cake/Routing/Dispatcher.php, line 71
[main] - APP/webroot/index.php, line 96

2012-01-28 11:28:47 Warning: Warning (2): include() [http://php.net/function.include]: Failed opening '/var/www/tcc/app/webroot//css.php' for inclusion (include_path='/var/www/tcc/lib:.:/usr/share/php:/usr/share/pear') in [/var/www/tcc/lib/Cake/Routing/Dispatcher.php, line 258]
Trace:
Dispatcher::asset() - CORE/Cake/Routing/Dispatcher.php, line 258
Dispatcher::asset() - CORE/Cake/Routing/Dispatcher.php, line 258
Dispatcher::dispatch() - CORE/Cake/Routing/Dispatcher.php, line 71
[main] - APP/webroot/index.php, line 96

2012-01-28 11:28:51 Warning: Warning (2): include(/var/www/tcc/app/webroot//css.php): failed to open stream: No such file or directory in [/var/www/tcc/lib/Cake/Routing/Dispatcher.php, line 258]
Trace:
Dispatcher::asset() - CORE/Cake/Routing/Dispatcher.php, line 258
Dispatcher::asset() - CORE/Cake/Routing/Dispatcher.php, line 258
Dispatcher::dispatch() - CORE/Cake/Routing/Dispatcher.php, line 71
[main] - APP/webroot/index.php, line 96

2012-01-28 11:28:51 Warning: Warning (2): include() [http://php.net/function.include]: Failed opening '/var/www/tcc/app/webroot//css.php' for inclusion (include_path='/var/www/tcc/lib:.:/usr/share/php:/usr/share/pear') in [/var/www/tcc/lib/Cake/Routing/Dispatcher.php, line 258]
Trace:
Dispatcher::asset() - CORE/Cake/Routing/Dispatcher.php, line 258
Dispatcher::asset() - CORE/Cake/Routing/Dispatcher.php, line 258
Dispatcher::dispatch() - CORE/Cake/Routing/Dispatcher.php, line 71
[main] - APP/webroot/index.php, line 96

2012-01-28 11:28:51 Warning: Warning (2): include(/var/www/tcc/app/webroot//css.php): failed to open stream: No such file or directory in [/var/www/tcc/lib/Cake/Routing/Dispatcher.php, line 258]
Trace:
Dispatcher::asset() - CORE/Cake/Routing/Dispatcher.php, line 258
Dispatcher::asset() - CORE/Cake/Routing/Dispatcher.php, line 258
Dispatcher::dispatch() - CORE/Cake/Routing/Dispatcher.php, line 71
[main] - APP/webroot/index.php, line 96

2012-01-28 11:28:51 Warning: Warning (2): include() [http://php.net/function.include]: Failed opening '/var/www/tcc/app/webroot//css.php' for inclusion (include_path='/var/www/tcc/lib:.:/usr/share/php:/usr/share/pear') in [/var/www/tcc/lib/Cake/Routing/Dispatcher.php, line 258]
Trace:
Dispatcher::asset() - CORE/Cake/Routing/Dispatcher.php, line 258
Dispatcher::asset() - CORE/Cake/Routing/Dispatcher.php, line 258
Dispatcher::dispatch() - CORE/Cake/Routing/Dispatcher.php, line 71
[main] - APP/webroot/index.php, line 96

2012-01-28 11:28:51 Warning: Warning (2): include(/var/www/tcc/app/webroot//css.php): failed to open stream: No such file or directory in [/var/www/tcc/lib/Cake/Routing/Dispatcher.php, line 258]
Trace:
Dispatcher::asset() - CORE/Cake/Routing/Dispatcher.php, line 258
Dispatcher::asset() - CORE/Cake/Routing/Dispatcher.php, line 258
Dispatcher::dispatch() - CORE/Cake/Routing/Dispatcher.php, line 71
[main] - APP/webroot/index.php, line 96

2012-01-28 11:28:51 Warning: Warning (2): include() [http://php.net/function.include]: Failed opening '/var/www/tcc/app/webroot//css.php' for inclusion (include_path='/var/www/tcc/lib:.:/usr/share/php:/usr/share/pear') in [/var/www/tcc/lib/Cake/Routing/Dispatcher.php, line 258]
Trace:
Dispatcher::asset() - CORE/Cake/Routing/Dispatcher.php, line 258
Dispatcher::asset() - CORE/Cake/Routing/Dispatcher.php, line 258
Dispatcher::dispatch() - CORE/Cake/Routing/Dispatcher.php, line 71
[main] - APP/webroot/index.php, line 96

2012-01-28 11:29:05 Warning: Warning (2): include(/var/www/tcc/app/webroot//css.php): failed to open stream: No such file or directory in [/var/www/tcc/lib/Cake/Routing/Dispatcher.php, line 258]
Trace:
Dispatcher::asset() - CORE/Cake/Routing/Dispatcher.php, line 258
Dispatcher::asset() - CORE/Cake/Routing/Dispatcher.php, line 258
Dispatcher::dispatch() - CORE/Cake/Routing/Dispatcher.php, line 71
[main] - APP/webroot/index.php, line 96

2012-01-28 11:29:05 Warning: Warning (2): include() [http://php.net/function.include]: Failed opening '/var/www/tcc/app/webroot//css.php' for inclusion (include_path='/var/www/tcc/lib:.:/usr/share/php:/usr/share/pear') in [/var/www/tcc/lib/Cake/Routing/Dispatcher.php, line 258]
Trace:
Dispatcher::asset() - CORE/Cake/Routing/Dispatcher.php, line 258
Dispatcher::asset() - CORE/Cake/Routing/Dispatcher.php, line 258
Dispatcher::dispatch() - CORE/Cake/Routing/Dispatcher.php, line 71
[main] - APP/webroot/index.php, line 96

2012-01-28 11:29:05 Warning: Warning (2): include(/var/www/tcc/app/webroot//css.php): failed to open stream: No such file or directory in [/var/www/tcc/lib/Cake/Routing/Dispatcher.php, line 258]
Trace:
Dispatcher::asset() - CORE/Cake/Routing/Dispatcher.php, line 258
Dispatcher::asset() - CORE/Cake/Routing/Dispatcher.php, line 258
Dispatcher::dispatch() - CORE/Cake/Routing/Dispatcher.php, line 71
[main] - APP/webroot/index.php, line 96

2012-01-28 11:29:05 Warning: Warning (2): include(/var/www/tcc/app/webroot//css.php): failed to open stream: No such file or directory in [/var/www/tcc/lib/Cake/Routing/Dispatcher.php, line 258]
Trace:
Dispatcher::asset() - CORE/Cake/Routing/Dispatcher.php, line 258
Dispatcher::asset() - CORE/Cake/Routing/Dispatcher.php, line 258
Dispatcher::dispatch() - CORE/Cake/Routing/Dispatcher.php, line 71
[main] - APP/webroot/index.php, line 96

2012-01-28 11:29:05 Warning: Warning (2): include() [http://php.net/function.include]: Failed opening '/var/www/tcc/app/webroot//css.php' for inclusion (include_path='/var/www/tcc/lib:.:/usr/share/php:/usr/share/pear') in [/var/www/tcc/lib/Cake/Routing/Dispatcher.php, line 258]
Trace:
Dispatcher::asset() - CORE/Cake/Routing/Dispatcher.php, line 258
Dispatcher::asset() - CORE/Cake/Routing/Dispatcher.php, line 258
Dispatcher::dispatch() - CORE/Cake/Routing/Dispatcher.php, line 71
[main] - APP/webroot/index.php, line 96

2012-01-28 11:29:05 Warning: Warning (2): include() [http://php.net/function.include]: Failed opening '/var/www/tcc/app/webroot//css.php' for inclusion (include_path='/var/www/tcc/lib:.:/usr/share/php:/usr/share/pear') in [/var/www/tcc/lib/Cake/Routing/Dispatcher.php, line 258]
Trace:
Dispatcher::asset() - CORE/Cake/Routing/Dispatcher.php, line 258
Dispatcher::asset() - CORE/Cake/Routing/Dispatcher.php, line 258
Dispatcher::dispatch() - CORE/Cake/Routing/Dispatcher.php, line 71
[main] - APP/webroot/index.php, line 96

2012-01-28 11:31:34 Warning: Warning (512): Method HtmlHelper::ccss does not exist in [/var/www/tcc/lib/Cake/View/Helper.php, line 160]
Trace:
Helper::__call() - CORE/Cake/View/Helper.php, line 160
HtmlHelper::ccss() - APP/View/Layouts/default.ctp, line 5
include - APP/View/Layouts/default.ctp, line 5
View::_render() - CORE/Cake/View/View.php, line 595
View::renderLayout() - CORE/Cake/View/View.php, line 411
View::render() - CORE/Cake/View/View.php, line 373
Controller::render() - CORE/Cake/Controller/Controller.php, line 900
Dispatcher::_invoke() - CORE/Cake/Routing/Dispatcher.php, line 111
Dispatcher::dispatch() - CORE/Cake/Routing/Dispatcher.php, line 86
[main] - APP/webroot/index.php, line 96

2012-01-28 11:31:34 Warning: Warning (512): Method HtmlHelper::ccss does not exist in [/var/www/tcc/lib/Cake/View/Helper.php, line 160]
Trace:
Helper::__call() - CORE/Cake/View/Helper.php, line 160
HtmlHelper::ccss() - APP/View/Layouts/default.ctp, line 6
include - APP/View/Layouts/default.ctp, line 6
View::_render() - CORE/Cake/View/View.php, line 595
View::renderLayout() - CORE/Cake/View/View.php, line 411
View::render() - CORE/Cake/View/View.php, line 373
Controller::render() - CORE/Cake/Controller/Controller.php, line 900
Dispatcher::_invoke() - CORE/Cake/Routing/Dispatcher.php, line 111
Dispatcher::dispatch() - CORE/Cake/Routing/Dispatcher.php, line 86
[main] - APP/webroot/index.php, line 96

2012-01-28 11:31:34 Warning: Warning (512): Method HtmlHelper::ccss does not exist in [/var/www/tcc/lib/Cake/View/Helper.php, line 160]
Trace:
Helper::__call() - CORE/Cake/View/Helper.php, line 160
HtmlHelper::ccss() - APP/View/Layouts/default.ctp, line 7
include - APP/View/Layouts/default.ctp, line 7
View::_render() - CORE/Cake/View/View.php, line 595
View::renderLayout() - CORE/Cake/View/View.php, line 411
View::render() - CORE/Cake/View/View.php, line 373
Controller::render() - CORE/Cake/Controller/Controller.php, line 900
Dispatcher::_invoke() - CORE/Cake/Routing/Dispatcher.php, line 111
Dispatcher::dispatch() - CORE/Cake/Routing/Dispatcher.php, line 86
[main] - APP/webroot/index.php, line 96

2012-01-28 11:31:38 Warning: Warning (512): Method HtmlHelper::ccss does not exist in [/var/www/tcc/lib/Cake/View/Helper.php, line 160]
Trace:
Helper::__call() - CORE/Cake/View/Helper.php, line 160
HtmlHelper::ccss() - APP/View/Layouts/default.ctp, line 5
include - APP/View/Layouts/default.ctp, line 5
View::_render() - CORE/Cake/View/View.php, line 595
View::renderLayout() - CORE/Cake/View/View.php, line 411
View::render() - CORE/Cake/View/View.php, line 373
Controller::render() - CORE/Cake/Controller/Controller.php, line 900
Dispatcher::_invoke() - CORE/Cake/Routing/Dispatcher.php, line 111
Dispatcher::dispatch() - CORE/Cake/Routing/Dispatcher.php, line 86
[main] - APP/webroot/index.php, line 96

2012-01-28 11:31:38 Warning: Warning (512): Method HtmlHelper::ccss does not exist in [/var/www/tcc/lib/Cake/View/Helper.php, line 160]
Trace:
Helper::__call() - CORE/Cake/View/Helper.php, line 160
HtmlHelper::ccss() - APP/View/Layouts/default.ctp, line 6
include - APP/View/Layouts/default.ctp, line 6
View::_render() - CORE/Cake/View/View.php, line 595
View::renderLayout() - CORE/Cake/View/View.php, line 411
View::render() - CORE/Cake/View/View.php, line 373
Controller::render() - CORE/Cake/Controller/Controller.php, line 900
Dispatcher::_invoke() - CORE/Cake/Routing/Dispatcher.php, line 111
Dispatcher::dispatch() - CORE/Cake/Routing/Dispatcher.php, line 86
[main] - APP/webroot/index.php, line 96

2012-01-28 11:31:38 Warning: Warning (512): Method HtmlHelper::ccss does not exist in [/var/www/tcc/lib/Cake/View/Helper.php, line 160]
Trace:
Helper::__call() - CORE/Cake/View/Helper.php, line 160
HtmlHelper::ccss() - APP/View/Layouts/default.ctp, line 7
include - APP/View/Layouts/default.ctp, line 7
View::_render() - CORE/Cake/View/View.php, line 595
View::renderLayout() - CORE/Cake/View/View.php, line 411
View::render() - CORE/Cake/View/View.php, line 373
Controller::render() - CORE/Cake/Controller/Controller.php, line 900
Dispatcher::_invoke() - CORE/Cake/Routing/Dispatcher.php, line 111
Dispatcher::dispatch() - CORE/Cake/Routing/Dispatcher.php, line 86
[main] - APP/webroot/index.php, line 96

2012-01-28 11:31:50 Warning: Warning (2): include(/var/www/tcc/app/webroot//css.php): failed to open stream: No such file or directory in [/var/www/tcc/lib/Cake/Routing/Dispatcher.php, line 258]
Trace:
Dispatcher::asset() - CORE/Cake/Routing/Dispatcher.php, line 258
Dispatcher::asset() - CORE/Cake/Routing/Dispatcher.php, line 258
Dispatcher::dispatch() - CORE/Cake/Routing/Dispatcher.php, line 71
[main] - APP/webroot/index.php, line 96

2012-01-28 11:31:50 Warning: Warning (2): include() [http://php.net/function.include]: Failed opening '/var/www/tcc/app/webroot//css.php' for inclusion (include_path='/var/www/tcc/lib:.:/usr/share/php:/usr/share/pear') in [/var/www/tcc/lib/Cake/Routing/Dispatcher.php, line 258]
Trace:
Dispatcher::asset() - CORE/Cake/Routing/Dispatcher.php, line 258
Dispatcher::asset() - CORE/Cake/Routing/Dispatcher.php, line 258
Dispatcher::dispatch() - CORE/Cake/Routing/Dispatcher.php, line 71
[main] - APP/webroot/index.php, line 96

2012-01-28 11:31:50 Warning: Warning (2): include(/var/www/tcc/app/webroot//css.php): failed to open stream: No such file or directory in [/var/www/tcc/lib/Cake/Routing/Dispatcher.php, line 258]
Trace:
Dispatcher::asset() - CORE/Cake/Routing/Dispatcher.php, line 258
Dispatcher::asset() - CORE/Cake/Routing/Dispatcher.php, line 258
Dispatcher::dispatch() - CORE/Cake/Routing/Dispatcher.php, line 71
[main] - APP/webroot/index.php, line 96

2012-01-28 11:31:50 Warning: Warning (2): include() [http://php.net/function.include]: Failed opening '/var/www/tcc/app/webroot//css.php' for inclusion (include_path='/var/www/tcc/lib:.:/usr/share/php:/usr/share/pear') in [/var/www/tcc/lib/Cake/Routing/Dispatcher.php, line 258]
Trace:
Dispatcher::asset() - CORE/Cake/Routing/Dispatcher.php, line 258
Dispatcher::asset() - CORE/Cake/Routing/Dispatcher.php, line 258
Dispatcher::dispatch() - CORE/Cake/Routing/Dispatcher.php, line 71
[main] - APP/webroot/index.php, line 96

2012-01-28 11:31:50 Warning: Warning (2): include(/var/www/tcc/app/webroot//css.php): failed to open stream: No such file or directory in [/var/www/tcc/lib/Cake/Routing/Dispatcher.php, line 258]
Trace:
Dispatcher::asset() - CORE/Cake/Routing/Dispatcher.php, line 258
Dispatcher::asset() - CORE/Cake/Routing/Dispatcher.php, line 258
Dispatcher::dispatch() - CORE/Cake/Routing/Dispatcher.php, line 71
[main] - APP/webroot/index.php, line 96

2012-01-28 11:31:50 Warning: Warning (2): include() [http://php.net/function.include]: Failed opening '/var/www/tcc/app/webroot//css.php' for inclusion (include_path='/var/www/tcc/lib:.:/usr/share/php:/usr/share/pear') in [/var/www/tcc/lib/Cake/Routing/Dispatcher.php, line 258]
Trace:
Dispatcher::asset() - CORE/Cake/Routing/Dispatcher.php, line 258
Dispatcher::asset() - CORE/Cake/Routing/Dispatcher.php, line 258
Dispatcher::dispatch() - CORE/Cake/Routing/Dispatcher.php, line 71
[main] - APP/webroot/index.php, line 96

2012-01-28 11:32:06 Error: [MissingControllerException] Controller class CccssController could not be found.
#0 /var/www/tcc/app/webroot/index.php(96): Dispatcher->dispatch(Object(CakeRequest), Object(CakeResponse))
#1 {main}
2012-01-28 11:32:06 Error: [MissingControllerException] Controller class CccssController could not be found.
#0 /var/www/tcc/app/webroot/index.php(96): Dispatcher->dispatch(Object(CakeRequest), Object(CakeResponse))
#1 {main}
2012-01-28 11:32:06 Error: [MissingControllerException] Controller class CccssController could not be found.
#0 /var/www/tcc/app/webroot/index.php(96): Dispatcher->dispatch(Object(CakeRequest), Object(CakeResponse))
#1 {main}
2012-01-28 11:32:11 Warning: Warning (2): include(/var/www/tcc/app/webroot//css.php): failed to open stream: No such file or directory in [/var/www/tcc/lib/Cake/Routing/Dispatcher.php, line 258]
Trace:
Dispatcher::asset() - CORE/Cake/Routing/Dispatcher.php, line 258
Dispatcher::asset() - CORE/Cake/Routing/Dispatcher.php, line 258
Dispatcher::dispatch() - CORE/Cake/Routing/Dispatcher.php, line 71
[main] - APP/webroot/index.php, line 96

2012-01-28 11:32:11 Warning: Warning (2): include() [http://php.net/function.include]: Failed opening '/var/www/tcc/app/webroot//css.php' for inclusion (include_path='/var/www/tcc/lib:.:/usr/share/php:/usr/share/pear') in [/var/www/tcc/lib/Cake/Routing/Dispatcher.php, line 258]
Trace:
Dispatcher::asset() - CORE/Cake/Routing/Dispatcher.php, line 258
Dispatcher::asset() - CORE/Cake/Routing/Dispatcher.php, line 258
Dispatcher::dispatch() - CORE/Cake/Routing/Dispatcher.php, line 71
[main] - APP/webroot/index.php, line 96

2012-01-28 11:32:11 Warning: Warning (2): include(/var/www/tcc/app/webroot//css.php): failed to open stream: No such file or directory in [/var/www/tcc/lib/Cake/Routing/Dispatcher.php, line 258]
Trace:
Dispatcher::asset() - CORE/Cake/Routing/Dispatcher.php, line 258
Dispatcher::asset() - CORE/Cake/Routing/Dispatcher.php, line 258
Dispatcher::dispatch() - CORE/Cake/Routing/Dispatcher.php, line 71
[main] - APP/webroot/index.php, line 96

2012-01-28 11:32:11 Warning: Warning (2): include(/var/www/tcc/app/webroot//css.php): failed to open stream: No such file or directory in [/var/www/tcc/lib/Cake/Routing/Dispatcher.php, line 258]
Trace:
Dispatcher::asset() - CORE/Cake/Routing/Dispatcher.php, line 258
Dispatcher::asset() - CORE/Cake/Routing/Dispatcher.php, line 258
Dispatcher::dispatch() - CORE/Cake/Routing/Dispatcher.php, line 71
[main] - APP/webroot/index.php, line 96

2012-01-28 11:32:11 Warning: Warning (2): include() [http://php.net/function.include]: Failed opening '/var/www/tcc/app/webroot//css.php' for inclusion (include_path='/var/www/tcc/lib:.:/usr/share/php:/usr/share/pear') in [/var/www/tcc/lib/Cake/Routing/Dispatcher.php, line 258]
Trace:
Dispatcher::asset() - CORE/Cake/Routing/Dispatcher.php, line 258
Dispatcher::asset() - CORE/Cake/Routing/Dispatcher.php, line 258
Dispatcher::dispatch() - CORE/Cake/Routing/Dispatcher.php, line 71
[main] - APP/webroot/index.php, line 96

2012-01-28 11:32:11 Warning: Warning (2): include() [http://php.net/function.include]: Failed opening '/var/www/tcc/app/webroot//css.php' for inclusion (include_path='/var/www/tcc/lib:.:/usr/share/php:/usr/share/pear') in [/var/www/tcc/lib/Cake/Routing/Dispatcher.php, line 258]
Trace:
Dispatcher::asset() - CORE/Cake/Routing/Dispatcher.php, line 258
Dispatcher::asset() - CORE/Cake/Routing/Dispatcher.php, line 258
Dispatcher::dispatch() - CORE/Cake/Routing/Dispatcher.php, line 71
[main] - APP/webroot/index.php, line 96

2012-01-28 11:53:33 Warning: Warning (2): include(/var/www/tcc/app/webroot//css.php): failed to open stream: No such file or directory in [/var/www/tcc/lib/Cake/Routing/Dispatcher.php, line 258]
Trace:
Dispatcher::asset() - CORE/Cake/Routing/Dispatcher.php, line 258
Dispatcher::asset() - CORE/Cake/Routing/Dispatcher.php, line 258
Dispatcher::dispatch() - CORE/Cake/Routing/Dispatcher.php, line 71
[main] - APP/webroot/index.php, line 96

2012-01-28 11:53:33 Warning: Warning (2): include() [http://php.net/function.include]: Failed opening '/var/www/tcc/app/webroot//css.php' for inclusion (include_path='/var/www/tcc/lib:.:/usr/share/php:/usr/share/pear') in [/var/www/tcc/lib/Cake/Routing/Dispatcher.php, line 258]
Trace:
Dispatcher::asset() - CORE/Cake/Routing/Dispatcher.php, line 258
Dispatcher::asset() - CORE/Cake/Routing/Dispatcher.php, line 258
Dispatcher::dispatch() - CORE/Cake/Routing/Dispatcher.php, line 71
[main] - APP/webroot/index.php, line 96

2012-01-28 11:53:33 Warning: Warning (2): include(/var/www/tcc/app/webroot//css.php): failed to open stream: No such file or directory in [/var/www/tcc/lib/Cake/Routing/Dispatcher.php, line 258]
Trace:
Dispatcher::asset() - CORE/Cake/Routing/Dispatcher.php, line 258
Dispatcher::asset() - CORE/Cake/Routing/Dispatcher.php, line 258
Dispatcher::dispatch() - CORE/Cake/Routing/Dispatcher.php, line 71
[main] - APP/webroot/index.php, line 96

2012-01-28 11:53:33 Warning: Warning (2): include() [http://php.net/function.include]: Failed opening '/var/www/tcc/app/webroot//css.php' for inclusion (include_path='/var/www/tcc/lib:.:/usr/share/php:/usr/share/pear') in [/var/www/tcc/lib/Cake/Routing/Dispatcher.php, line 258]
Trace:
Dispatcher::asset() - CORE/Cake/Routing/Dispatcher.php, line 258
Dispatcher::asset() - CORE/Cake/Routing/Dispatcher.php, line 258
Dispatcher::dispatch() - CORE/Cake/Routing/Dispatcher.php, line 71
[main] - APP/webroot/index.php, line 96

2012-01-28 11:53:33 Warning: Warning (2): include(/var/www/tcc/app/webroot//css.php): failed to open stream: No such file or directory in [/var/www/tcc/lib/Cake/Routing/Dispatcher.php, line 258]
Trace:
Dispatcher::asset() - CORE/Cake/Routing/Dispatcher.php, line 258
Dispatcher::asset() - CORE/Cake/Routing/Dispatcher.php, line 258
Dispatcher::dispatch() - CORE/Cake/Routing/Dispatcher.php, line 71
[main] - APP/webroot/index.php, line 96

2012-01-28 11:53:33 Warning: Warning (2): include() [http://php.net/function.include]: Failed opening '/var/www/tcc/app/webroot//css.php' for inclusion (include_path='/var/www/tcc/lib:.:/usr/share/php:/usr/share/pear') in [/var/www/tcc/lib/Cake/Routing/Dispatcher.php, line 258]
Trace:
Dispatcher::asset() - CORE/Cake/Routing/Dispatcher.php, line 258
Dispatcher::asset() - CORE/Cake/Routing/Dispatcher.php, line 258
Dispatcher::dispatch() - CORE/Cake/Routing/Dispatcher.php, line 71
[main] - APP/webroot/index.php, line 96

2012-01-28 11:53:35 Warning: Warning (2): include(/var/www/tcc/app/webroot//css.php): failed to open stream: No such file or directory in [/var/www/tcc/lib/Cake/Routing/Dispatcher.php, line 258]
Trace:
Dispatcher::asset() - CORE/Cake/Routing/Dispatcher.php, line 258
Dispatcher::asset() - CORE/Cake/Routing/Dispatcher.php, line 258
Dispatcher::dispatch() - CORE/Cake/Routing/Dispatcher.php, line 71
[main] - APP/webroot/index.php, line 96

2012-01-28 11:53:35 Warning: Warning (2): include() [http://php.net/function.include]: Failed opening '/var/www/tcc/app/webroot//css.php' for inclusion (include_path='/var/www/tcc/lib:.:/usr/share/php:/usr/share/pear') in [/var/www/tcc/lib/Cake/Routing/Dispatcher.php, line 258]
Trace:
Dispatcher::asset() - CORE/Cake/Routing/Dispatcher.php, line 258
Dispatcher::asset() - CORE/Cake/Routing/Dispatcher.php, line 258
Dispatcher::dispatch() - CORE/Cake/Routing/Dispatcher.php, line 71
[main] - APP/webroot/index.php, line 96

2012-01-28 11:53:35 Warning: Warning (2): include(/var/www/tcc/app/webroot//css.php): failed to open stream: No such file or directory in [/var/www/tcc/lib/Cake/Routing/Dispatcher.php, line 258]
Trace:
Dispatcher::asset() - CORE/Cake/Routing/Dispatcher.php, line 258
Dispatcher::asset() - CORE/Cake/Routing/Dispatcher.php, line 258
Dispatcher::dispatch() - CORE/Cake/Routing/Dispatcher.php, line 71
[main] - APP/webroot/index.php, line 96

2012-01-28 11:53:35 Warning: Warning (2): include(/var/www/tcc/app/webroot//css.php): failed to open stream: No such file or directory in [/var/www/tcc/lib/Cake/Routing/Dispatcher.php, line 258]
Trace:
Dispatcher::asset() - CORE/Cake/Routing/Dispatcher.php, line 258
Dispatcher::asset() - CORE/Cake/Routing/Dispatcher.php, line 258
Dispatcher::dispatch() - CORE/Cake/Routing/Dispatcher.php, line 71
[main] - APP/webroot/index.php, line 96

2012-01-28 11:53:35 Warning: Warning (2): include() [http://php.net/function.include]: Failed opening '/var/www/tcc/app/webroot//css.php' for inclusion (include_path='/var/www/tcc/lib:.:/usr/share/php:/usr/share/pear') in [/var/www/tcc/lib/Cake/Routing/Dispatcher.php, line 258]
Trace:
Dispatcher::asset() - CORE/Cake/Routing/Dispatcher.php, line 258
Dispatcher::asset() - CORE/Cake/Routing/Dispatcher.php, line 258
Dispatcher::dispatch() - CORE/Cake/Routing/Dispatcher.php, line 71
[main] - APP/webroot/index.php, line 96

2012-01-28 11:53:35 Warning: Warning (2): include() [http://php.net/function.include]: Failed opening '/var/www/tcc/app/webroot//css.php' for inclusion (include_path='/var/www/tcc/lib:.:/usr/share/php:/usr/share/pear') in [/var/www/tcc/lib/Cake/Routing/Dispatcher.php, line 258]
Trace:
Dispatcher::asset() - CORE/Cake/Routing/Dispatcher.php, line 258
Dispatcher::asset() - CORE/Cake/Routing/Dispatcher.php, line 258
Dispatcher::dispatch() - CORE/Cake/Routing/Dispatcher.php, line 71
[main] - APP/webroot/index.php, line 96

2012-01-28 11:53:38 Warning: Warning (2): include(/var/www/tcc/app/webroot//css.php): failed to open stream: No such file or directory in [/var/www/tcc/lib/Cake/Routing/Dispatcher.php, line 258]
Trace:
Dispatcher::asset() - CORE/Cake/Routing/Dispatcher.php, line 258
Dispatcher::asset() - CORE/Cake/Routing/Dispatcher.php, line 258
Dispatcher::dispatch() - CORE/Cake/Routing/Dispatcher.php, line 71
[main] - APP/webroot/index.php, line 96

2012-01-28 11:53:38 Warning: Warning (2): include() [http://php.net/function.include]: Failed opening '/var/www/tcc/app/webroot//css.php' for inclusion (include_path='/var/www/tcc/lib:.:/usr/share/php:/usr/share/pear') in [/var/www/tcc/lib/Cake/Routing/Dispatcher.php, line 258]
Trace:
Dispatcher::asset() - CORE/Cake/Routing/Dispatcher.php, line 258
Dispatcher::asset() - CORE/Cake/Routing/Dispatcher.php, line 258
Dispatcher::dispatch() - CORE/Cake/Routing/Dispatcher.php, line 71
[main] - APP/webroot/index.php, line 96

2012-01-28 11:53:38 Warning: Warning (2): include(/var/www/tcc/app/webroot//css.php): failed to open stream: No such file or directory in [/var/www/tcc/lib/Cake/Routing/Dispatcher.php, line 258]
Trace:
Dispatcher::asset() - CORE/Cake/Routing/Dispatcher.php, line 258
Dispatcher::asset() - CORE/Cake/Routing/Dispatcher.php, line 258
Dispatcher::dispatch() - CORE/Cake/Routing/Dispatcher.php, line 71
[main] - APP/webroot/index.php, line 96

2012-01-28 11:53:38 Warning: Warning (2): include() [http://php.net/function.include]: Failed opening '/var/www/tcc/app/webroot//css.php' for inclusion (include_path='/var/www/tcc/lib:.:/usr/share/php:/usr/share/pear') in [/var/www/tcc/lib/Cake/Routing/Dispatcher.php, line 258]
Trace:
Dispatcher::asset() - CORE/Cake/Routing/Dispatcher.php, line 258
Dispatcher::asset() - CORE/Cake/Routing/Dispatcher.php, line 258
Dispatcher::dispatch() - CORE/Cake/Routing/Dispatcher.php, line 71
[main] - APP/webroot/index.php, line 96

2012-01-28 11:53:38 Warning: Warning (2): include(/var/www/tcc/app/webroot//css.php): failed to open stream: No such file or directory in [/var/www/tcc/lib/Cake/Routing/Dispatcher.php, line 258]
Trace:
Dispatcher::asset() - CORE/Cake/Routing/Dispatcher.php, line 258
Dispatcher::asset() - CORE/Cake/Routing/Dispatcher.php, line 258
Dispatcher::dispatch() - CORE/Cake/Routing/Dispatcher.php, line 71
[main] - APP/webroot/index.php, line 96

2012-01-28 11:53:38 Warning: Warning (2): include() [http://php.net/function.include]: Failed opening '/var/www/tcc/app/webroot//css.php' for inclusion (include_path='/var/www/tcc/lib:.:/usr/share/php:/usr/share/pear') in [/var/www/tcc/lib/Cake/Routing/Dispatcher.php, line 258]
Trace:
Dispatcher::asset() - CORE/Cake/Routing/Dispatcher.php, line 258
Dispatcher::asset() - CORE/Cake/Routing/Dispatcher.php, line 258
Dispatcher::dispatch() - CORE/Cake/Routing/Dispatcher.php, line 71
[main] - APP/webroot/index.php, line 96

2012-01-28 11:53:50 Warning: Warning (2): include(/var/www/tcc/app/webroot//css.php): failed to open stream: No such file or directory in [/var/www/tcc/lib/Cake/Routing/Dispatcher.php, line 258]
Trace:
Dispatcher::asset() - CORE/Cake/Routing/Dispatcher.php, line 258
Dispatcher::asset() - CORE/Cake/Routing/Dispatcher.php, line 258
Dispatcher::dispatch() - CORE/Cake/Routing/Dispatcher.php, line 71
[main] - APP/webroot/index.php, line 96

2012-01-28 11:53:50 Warning: Warning (2): include() [http://php.net/function.include]: Failed opening '/var/www/tcc/app/webroot//css.php' for inclusion (include_path='/var/www/tcc/lib:.:/usr/share/php:/usr/share/pear') in [/var/www/tcc/lib/Cake/Routing/Dispatcher.php, line 258]
Trace:
Dispatcher::asset() - CORE/Cake/Routing/Dispatcher.php, line 258
Dispatcher::asset() - CORE/Cake/Routing/Dispatcher.php, line 258
Dispatcher::dispatch() - CORE/Cake/Routing/Dispatcher.php, line 71
[main] - APP/webroot/index.php, line 96

2012-01-28 11:53:50 Warning: Warning (2): include(/var/www/tcc/app/webroot//css.php): failed to open stream: No such file or directory in [/var/www/tcc/lib/Cake/Routing/Dispatcher.php, line 258]
Trace:
Dispatcher::asset() - CORE/Cake/Routing/Dispatcher.php, line 258
Dispatcher::asset() - CORE/Cake/Routing/Dispatcher.php, line 258
Dispatcher::dispatch() - CORE/Cake/Routing/Dispatcher.php, line 71
[main] - APP/webroot/index.php, line 96

2012-01-28 11:53:50 Warning: Warning (2): include() [http://php.net/function.include]: Failed opening '/var/www/tcc/app/webroot//css.php' for inclusion (include_path='/var/www/tcc/lib:.:/usr/share/php:/usr/share/pear') in [/var/www/tcc/lib/Cake/Routing/Dispatcher.php, line 258]
Trace:
Dispatcher::asset() - CORE/Cake/Routing/Dispatcher.php, line 258
Dispatcher::asset() - CORE/Cake/Routing/Dispatcher.php, line 258
Dispatcher::dispatch() - CORE/Cake/Routing/Dispatcher.php, line 71
[main] - APP/webroot/index.php, line 96

2012-01-28 11:53:50 Warning: Warning (2): include(/var/www/tcc/app/webroot//css.php): failed to open stream: No such file or directory in [/var/www/tcc/lib/Cake/Routing/Dispatcher.php, line 258]
Trace:
Dispatcher::asset() - CORE/Cake/Routing/Dispatcher.php, line 258
Dispatcher::asset() - CORE/Cake/Routing/Dispatcher.php, line 258
Dispatcher::dispatch() - CORE/Cake/Routing/Dispatcher.php, line 71
[main] - APP/webroot/index.php, line 96

2012-01-28 11:53:50 Warning: Warning (2): include() [http://php.net/function.include]: Failed opening '/var/www/tcc/app/webroot//css.php' for inclusion (include_path='/var/www/tcc/lib:.:/usr/share/php:/usr/share/pear') in [/var/www/tcc/lib/Cake/Routing/Dispatcher.php, line 258]
Trace:
Dispatcher::asset() - CORE/Cake/Routing/Dispatcher.php, line 258
Dispatcher::asset() - CORE/Cake/Routing/Dispatcher.php, line 258
Dispatcher::dispatch() - CORE/Cake/Routing/Dispatcher.php, line 71
[main] - APP/webroot/index.php, line 96

2012-01-28 12:03:18 Warning: Warning (2): include(/var/www/tcc/app/webroot//css.php): failed to open stream: No such file or directory in [/var/www/tcc/lib/Cake/Routing/Dispatcher.php, line 258]
Trace:
Dispatcher::asset() - CORE/Cake/Routing/Dispatcher.php, line 258
Dispatcher::asset() - CORE/Cake/Routing/Dispatcher.php, line 258
Dispatcher::dispatch() - CORE/Cake/Routing/Dispatcher.php, line 71
[main] - APP/webroot/index.php, line 96

2012-01-28 12:03:18 Warning: Warning (2): include() [http://php.net/function.include]: Failed opening '/var/www/tcc/app/webroot//css.php' for inclusion (include_path='/var/www/tcc/lib:.:/usr/share/php:/usr/share/pear') in [/var/www/tcc/lib/Cake/Routing/Dispatcher.php, line 258]
Trace:
Dispatcher::asset() - CORE/Cake/Routing/Dispatcher.php, line 258
Dispatcher::asset() - CORE/Cake/Routing/Dispatcher.php, line 258
Dispatcher::dispatch() - CORE/Cake/Routing/Dispatcher.php, line 71
[main] - APP/webroot/index.php, line 96

2012-01-28 12:03:18 Warning: Warning (2): include(/var/www/tcc/app/webroot//css.php): failed to open stream: No such file or directory in [/var/www/tcc/lib/Cake/Routing/Dispatcher.php, line 258]
Trace:
Dispatcher::asset() - CORE/Cake/Routing/Dispatcher.php, line 258
Dispatcher::asset() - CORE/Cake/Routing/Dispatcher.php, line 258
Dispatcher::dispatch() - CORE/Cake/Routing/Dispatcher.php, line 71
[main] - APP/webroot/index.php, line 96

2012-01-28 12:03:18 Warning: Warning (2): include(/var/www/tcc/app/webroot//css.php): failed to open stream: No such file or directory in [/var/www/tcc/lib/Cake/Routing/Dispatcher.php, line 258]
Trace:
Dispatcher::asset() - CORE/Cake/Routing/Dispatcher.php, line 258
Dispatcher::asset() - CORE/Cake/Routing/Dispatcher.php, line 258
Dispatcher::dispatch() - CORE/Cake/Routing/Dispatcher.php, line 71
[main] - APP/webroot/index.php, line 96

2012-01-28 12:03:18 Warning: Warning (2): include() [http://php.net/function.include]: Failed opening '/var/www/tcc/app/webroot//css.php' for inclusion (include_path='/var/www/tcc/lib:.:/usr/share/php:/usr/share/pear') in [/var/www/tcc/lib/Cake/Routing/Dispatcher.php, line 258]
Trace:
Dispatcher::asset() - CORE/Cake/Routing/Dispatcher.php, line 258
Dispatcher::asset() - CORE/Cake/Routing/Dispatcher.php, line 258
Dispatcher::dispatch() - CORE/Cake/Routing/Dispatcher.php, line 71
[main] - APP/webroot/index.php, line 96

2012-01-28 12:03:18 Warning: Warning (2): include() [http://php.net/function.include]: Failed opening '/var/www/tcc/app/webroot//css.php' for inclusion (include_path='/var/www/tcc/lib:.:/usr/share/php:/usr/share/pear') in [/var/www/tcc/lib/Cake/Routing/Dispatcher.php, line 258]
Trace:
Dispatcher::asset() - CORE/Cake/Routing/Dispatcher.php, line 258
Dispatcher::asset() - CORE/Cake/Routing/Dispatcher.php, line 258
Dispatcher::dispatch() - CORE/Cake/Routing/Dispatcher.php, line 71
[main] - APP/webroot/index.php, line 96

2012-01-28 12:31:03 Warning: Warning (2): include(/var/www/tcc/app/webroot//css.php): failed to open stream: No such file or directory in [/var/www/tcc/lib/Cake/Routing/Dispatcher.php, line 258]
Trace:
Dispatcher::asset() - CORE/Cake/Routing/Dispatcher.php, line 258
Dispatcher::asset() - CORE/Cake/Routing/Dispatcher.php, line 258
Dispatcher::dispatch() - CORE/Cake/Routing/Dispatcher.php, line 71
[main] - APP/webroot/index.php, line 96

2012-01-28 12:31:03 Warning: Warning (2): include() [http://php.net/function.include]: Failed opening '/var/www/tcc/app/webroot//css.php' for inclusion (include_path='/var/www/tcc/lib:.:/usr/share/php:/usr/share/pear') in [/var/www/tcc/lib/Cake/Routing/Dispatcher.php, line 258]
Trace:
Dispatcher::asset() - CORE/Cake/Routing/Dispatcher.php, line 258
Dispatcher::asset() - CORE/Cake/Routing/Dispatcher.php, line 258
Dispatcher::dispatch() - CORE/Cake/Routing/Dispatcher.php, line 71
[main] - APP/webroot/index.php, line 96

2012-01-28 12:31:03 Warning: Warning (2): include(/var/www/tcc/app/webroot//css.php): failed to open stream: No such file or directory in [/var/www/tcc/lib/Cake/Routing/Dispatcher.php, line 258]
Trace:
Dispatcher::asset() - CORE/Cake/Routing/Dispatcher.php, line 258
Dispatcher::asset() - CORE/Cake/Routing/Dispatcher.php, line 258
Dispatcher::dispatch() - CORE/Cake/Routing/Dispatcher.php, line 71
[main] - APP/webroot/index.php, line 96

2012-01-28 12:31:03 Warning: Warning (2): include() [http://php.net/function.include]: Failed opening '/var/www/tcc/app/webroot//css.php' for inclusion (include_path='/var/www/tcc/lib:.:/usr/share/php:/usr/share/pear') in [/var/www/tcc/lib/Cake/Routing/Dispatcher.php, line 258]
Trace:
Dispatcher::asset() - CORE/Cake/Routing/Dispatcher.php, line 258
Dispatcher::asset() - CORE/Cake/Routing/Dispatcher.php, line 258
Dispatcher::dispatch() - CORE/Cake/Routing/Dispatcher.php, line 71
[main] - APP/webroot/index.php, line 96

2012-01-28 12:31:03 Warning: Warning (2): include(/var/www/tcc/app/webroot//css.php): failed to open stream: No such file or directory in [/var/www/tcc/lib/Cake/Routing/Dispatcher.php, line 258]
Trace:
Dispatcher::asset() - CORE/Cake/Routing/Dispatcher.php, line 258
Dispatcher::asset() - CORE/Cake/Routing/Dispatcher.php, line 258
Dispatcher::dispatch() - CORE/Cake/Routing/Dispatcher.php, line 71
[main] - APP/webroot/index.php, line 96

2012-01-28 12:31:03 Warning: Warning (2): include() [http://php.net/function.include]: Failed opening '/var/www/tcc/app/webroot//css.php' for inclusion (include_path='/var/www/tcc/lib:.:/usr/share/php:/usr/share/pear') in [/var/www/tcc/lib/Cake/Routing/Dispatcher.php, line 258]
Trace:
Dispatcher::asset() - CORE/Cake/Routing/Dispatcher.php, line 258
Dispatcher::asset() - CORE/Cake/Routing/Dispatcher.php, line 258
Dispatcher::dispatch() - CORE/Cake/Routing/Dispatcher.php, line 71
[main] - APP/webroot/index.php, line 96

2012-01-28 12:31:05 Warning: Warning (2): include(/var/www/tcc/app/webroot//css.php): failed to open stream: No such file or directory in [/var/www/tcc/lib/Cake/Routing/Dispatcher.php, line 258]
Trace:
Dispatcher::asset() - CORE/Cake/Routing/Dispatcher.php, line 258
Dispatcher::asset() - CORE/Cake/Routing/Dispatcher.php, line 258
Dispatcher::dispatch() - CORE/Cake/Routing/Dispatcher.php, line 71
[main] - APP/webroot/index.php, line 96

2012-01-28 12:31:05 Warning: Warning (2): include(/var/www/tcc/app/webroot//css.php): failed to open stream: No such file or directory in [/var/www/tcc/lib/Cake/Routing/Dispatcher.php, line 258]
Trace:
Dispatcher::asset() - CORE/Cake/Routing/Dispatcher.php, line 258
Dispatcher::asset() - CORE/Cake/Routing/Dispatcher.php, line 258
Dispatcher::dispatch() - CORE/Cake/Routing/Dispatcher.php, line 71
[main] - APP/webroot/index.php, line 96

2012-01-28 12:31:05 Warning: Warning (2): include(/var/www/tcc/app/webroot//css.php): failed to open stream: No such file or directory in [/var/www/tcc/lib/Cake/Routing/Dispatcher.php, line 258]
Trace:
Dispatcher::asset() - CORE/Cake/Routing/Dispatcher.php, line 258
Dispatcher::asset() - CORE/Cake/Routing/Dispatcher.php, line 258
Dispatcher::dispatch() - CORE/Cake/Routing/Dispatcher.php, line 71
[main] - APP/webroot/index.php, line 96

2012-01-28 12:31:05 Warning: Warning (2): include() [http://php.net/function.include]: Failed opening '/var/www/tcc/app/webroot//css.php' for inclusion (include_path='/var/www/tcc/lib:.:/usr/share/php:/usr/share/pear') in [/var/www/tcc/lib/Cake/Routing/Dispatcher.php, line 258]
Trace:
Dispatcher::asset() - CORE/Cake/Routing/Dispatcher.php, line 258
Dispatcher::asset() - CORE/Cake/Routing/Dispatcher.php, line 258
Dispatcher::dispatch() - CORE/Cake/Routing/Dispatcher.php, line 71
[main] - APP/webroot/index.php, line 96

2012-01-28 12:31:05 Warning: Warning (2): include() [http://php.net/function.include]: Failed opening '/var/www/tcc/app/webroot//css.php' for inclusion (include_path='/var/www/tcc/lib:.:/usr/share/php:/usr/share/pear') in [/var/www/tcc/lib/Cake/Routing/Dispatcher.php, line 258]
Trace:
Dispatcher::asset() - CORE/Cake/Routing/Dispatcher.php, line 258
Dispatcher::asset() - CORE/Cake/Routing/Dispatcher.php, line 258
Dispatcher::dispatch() - CORE/Cake/Routing/Dispatcher.php, line 71
[main] - APP/webroot/index.php, line 96

2012-01-28 12:31:05 Warning: Warning (2): include() [http://php.net/function.include]: Failed opening '/var/www/tcc/app/webroot//css.php' for inclusion (include_path='/var/www/tcc/lib:.:/usr/share/php:/usr/share/pear') in [/var/www/tcc/lib/Cake/Routing/Dispatcher.php, line 258]
Trace:
Dispatcher::asset() - CORE/Cake/Routing/Dispatcher.php, line 258
Dispatcher::asset() - CORE/Cake/Routing/Dispatcher.php, line 258
Dispatcher::dispatch() - CORE/Cake/Routing/Dispatcher.php, line 71
[main] - APP/webroot/index.php, line 96

2012-01-28 12:54:33 Warning: Warning (2): include(/var/www/tcc/app/webroot//css.php): failed to open stream: No such file or directory in [/var/www/tcc/lib/Cake/Routing/Dispatcher.php, line 258]
Trace:
Dispatcher::asset() - CORE/Cake/Routing/Dispatcher.php, line 258
Dispatcher::asset() - CORE/Cake/Routing/Dispatcher.php, line 258
Dispatcher::dispatch() - CORE/Cake/Routing/Dispatcher.php, line 71
[main] - APP/webroot/index.php, line 96

2012-01-28 12:54:33 Warning: Warning (2): include() [http://php.net/function.include]: Failed opening '/var/www/tcc/app/webroot//css.php' for inclusion (include_path='/var/www/tcc/lib:.:/usr/share/php:/usr/share/pear') in [/var/www/tcc/lib/Cake/Routing/Dispatcher.php, line 258]
Trace:
Dispatcher::asset() - CORE/Cake/Routing/Dispatcher.php, line 258
Dispatcher::asset() - CORE/Cake/Routing/Dispatcher.php, line 258
Dispatcher::dispatch() - CORE/Cake/Routing/Dispatcher.php, line 71
[main] - APP/webroot/index.php, line 96

2012-01-28 12:54:33 Warning: Warning (2): include(/var/www/tcc/app/webroot//css.php): failed to open stream: No such file or directory in [/var/www/tcc/lib/Cake/Routing/Dispatcher.php, line 258]
Trace:
Dispatcher::asset() - CORE/Cake/Routing/Dispatcher.php, line 258
Dispatcher::asset() - CORE/Cake/Routing/Dispatcher.php, line 258
Dispatcher::dispatch() - CORE/Cake/Routing/Dispatcher.php, line 71
[main] - APP/webroot/index.php, line 96

2012-01-28 12:54:33 Warning: Warning (2): include() [http://php.net/function.include]: Failed opening '/var/www/tcc/app/webroot//css.php' for inclusion (include_path='/var/www/tcc/lib:.:/usr/share/php:/usr/share/pear') in [/var/www/tcc/lib/Cake/Routing/Dispatcher.php, line 258]
Trace:
Dispatcher::asset() - CORE/Cake/Routing/Dispatcher.php, line 258
Dispatcher::asset() - CORE/Cake/Routing/Dispatcher.php, line 258
Dispatcher::dispatch() - CORE/Cake/Routing/Dispatcher.php, line 71
[main] - APP/webroot/index.php, line 96

2012-01-28 12:54:33 Warning: Warning (2): include(/var/www/tcc/app/webroot//css.php): failed to open stream: No such file or directory in [/var/www/tcc/lib/Cake/Routing/Dispatcher.php, line 258]
Trace:
Dispatcher::asset() - CORE/Cake/Routing/Dispatcher.php, line 258
Dispatcher::asset() - CORE/Cake/Routing/Dispatcher.php, line 258
Dispatcher::dispatch() - CORE/Cake/Routing/Dispatcher.php, line 71
[main] - APP/webroot/index.php, line 96

2012-01-28 12:54:33 Warning: Warning (2): include() [http://php.net/function.include]: Failed opening '/var/www/tcc/app/webroot//css.php' for inclusion (include_path='/var/www/tcc/lib:.:/usr/share/php:/usr/share/pear') in [/var/www/tcc/lib/Cake/Routing/Dispatcher.php, line 258]
Trace:
Dispatcher::asset() - CORE/Cake/Routing/Dispatcher.php, line 258
Dispatcher::asset() - CORE/Cake/Routing/Dispatcher.php, line 258
Dispatcher::dispatch() - CORE/Cake/Routing/Dispatcher.php, line 71
[main] - APP/webroot/index.php, line 96

2012-01-28 12:56:19 Warning: Warning (2): include(/var/www/tcc/app/webroot//css.php): failed to open stream: No such file or directory in [/var/www/tcc/lib/Cake/Routing/Dispatcher.php, line 258]
Trace:
Dispatcher::asset() - CORE/Cake/Routing/Dispatcher.php, line 258
Dispatcher::asset() - CORE/Cake/Routing/Dispatcher.php, line 258
Dispatcher::dispatch() - CORE/Cake/Routing/Dispatcher.php, line 71
[main] - APP/webroot/index.php, line 96

2012-01-28 12:56:19 Warning: Warning (2): include() [http://php.net/function.include]: Failed opening '/var/www/tcc/app/webroot//css.php' for inclusion (include_path='/var/www/tcc/lib:.:/usr/share/php:/usr/share/pear') in [/var/www/tcc/lib/Cake/Routing/Dispatcher.php, line 258]
Trace:
Dispatcher::asset() - CORE/Cake/Routing/Dispatcher.php, line 258
Dispatcher::asset() - CORE/Cake/Routing/Dispatcher.php, line 258
Dispatcher::dispatch() - CORE/Cake/Routing/Dispatcher.php, line 71
[main] - APP/webroot/index.php, line 96

2012-01-28 12:56:19 Warning: Warning (2): include(/var/www/tcc/app/webroot//css.php): failed to open stream: No such file or directory in [/var/www/tcc/lib/Cake/Routing/Dispatcher.php, line 258]
Trace:
Dispatcher::asset() - CORE/Cake/Routing/Dispatcher.php, line 258
Dispatcher::asset() - CORE/Cake/Routing/Dispatcher.php, line 258
Dispatcher::dispatch() - CORE/Cake/Routing/Dispatcher.php, line 71
[main] - APP/webroot/index.php, line 96

2012-01-28 12:56:19 Warning: Warning (2): include() [http://php.net/function.include]: Failed opening '/var/www/tcc/app/webroot//css.php' for inclusion (include_path='/var/www/tcc/lib:.:/usr/share/php:/usr/share/pear') in [/var/www/tcc/lib/Cake/Routing/Dispatcher.php, line 258]
Trace:
Dispatcher::asset() - CORE/Cake/Routing/Dispatcher.php, line 258
Dispatcher::asset() - CORE/Cake/Routing/Dispatcher.php, line 258
Dispatcher::dispatch() - CORE/Cake/Routing/Dispatcher.php, line 71
[main] - APP/webroot/index.php, line 96

2012-01-28 12:56:19 Warning: Warning (2): include(/var/www/tcc/app/webroot//css.php): failed to open stream: No such file or directory in [/var/www/tcc/lib/Cake/Routing/Dispatcher.php, line 258]
Trace:
Dispatcher::asset() - CORE/Cake/Routing/Dispatcher.php, line 258
Dispatcher::asset() - CORE/Cake/Routing/Dispatcher.php, line 258
Dispatcher::dispatch() - CORE/Cake/Routing/Dispatcher.php, line 71
[main] - APP/webroot/index.php, line 96

2012-01-28 12:56:19 Warning: Warning (2): include() [http://php.net/function.include]: Failed opening '/var/www/tcc/app/webroot//css.php' for inclusion (include_path='/var/www/tcc/lib:.:/usr/share/php:/usr/share/pear') in [/var/www/tcc/lib/Cake/Routing/Dispatcher.php, line 258]
Trace:
Dispatcher::asset() - CORE/Cake/Routing/Dispatcher.php, line 258
Dispatcher::asset() - CORE/Cake/Routing/Dispatcher.php, line 258
Dispatcher::dispatch() - CORE/Cake/Routing/Dispatcher.php, line 71
[main] - APP/webroot/index.php, line 96

2012-01-28 12:57:47 Warning: Warning (2): include(/var/www/tcc/app/webroot//css.php): failed to open stream: No such file or directory in [/var/www/tcc/lib/Cake/Routing/Dispatcher.php, line 258]
Trace:
Dispatcher::asset() - CORE/Cake/Routing/Dispatcher.php, line 258
Dispatcher::asset() - CORE/Cake/Routing/Dispatcher.php, line 258
Dispatcher::dispatch() - CORE/Cake/Routing/Dispatcher.php, line 71
[main] - APP/webroot/index.php, line 96

2012-01-28 12:57:47 Warning: Warning (2): include(/var/www/tcc/app/webroot//css.php): failed to open stream: No such file or directory in [/var/www/tcc/lib/Cake/Routing/Dispatcher.php, line 258]
Trace:
Dispatcher::asset() - CORE/Cake/Routing/Dispatcher.php, line 258
Dispatcher::asset() - CORE/Cake/Routing/Dispatcher.php, line 258
Dispatcher::dispatch() - CORE/Cake/Routing/Dispatcher.php, line 71
[main] - APP/webroot/index.php, line 96

2012-01-28 12:57:47 Warning: Warning (2): include() [http://php.net/function.include]: Failed opening '/var/www/tcc/app/webroot//css.php' for inclusion (include_path='/var/www/tcc/lib:.:/usr/share/php:/usr/share/pear') in [/var/www/tcc/lib/Cake/Routing/Dispatcher.php, line 258]
Trace:
Dispatcher::asset() - CORE/Cake/Routing/Dispatcher.php, line 258
Dispatcher::asset() - CORE/Cake/Routing/Dispatcher.php, line 258
Dispatcher::dispatch() - CORE/Cake/Routing/Dispatcher.php, line 71
[main] - APP/webroot/index.php, line 96

2012-01-28 12:57:47 Warning: Warning (2): include() [http://php.net/function.include]: Failed opening '/var/www/tcc/app/webroot//css.php' for inclusion (include_path='/var/www/tcc/lib:.:/usr/share/php:/usr/share/pear') in [/var/www/tcc/lib/Cake/Routing/Dispatcher.php, line 258]
Trace:
Dispatcher::asset() - CORE/Cake/Routing/Dispatcher.php, line 258
Dispatcher::asset() - CORE/Cake/Routing/Dispatcher.php, line 258
Dispatcher::dispatch() - CORE/Cake/Routing/Dispatcher.php, line 71
[main] - APP/webroot/index.php, line 96

2012-01-28 12:57:47 Warning: Warning (2): include(/var/www/tcc/app/webroot//css.php): failed to open stream: No such file or directory in [/var/www/tcc/lib/Cake/Routing/Dispatcher.php, line 258]
Trace:
Dispatcher::asset() - CORE/Cake/Routing/Dispatcher.php, line 258
Dispatcher::asset() - CORE/Cake/Routing/Dispatcher.php, line 258
Dispatcher::dispatch() - CORE/Cake/Routing/Dispatcher.php, line 71
[main] - APP/webroot/index.php, line 96

2012-01-28 12:57:47 Warning: Warning (2): include() [http://php.net/function.include]: Failed opening '/var/www/tcc/app/webroot//css.php' for inclusion (include_path='/var/www/tcc/lib:.:/usr/share/php:/usr/share/pear') in [/var/www/tcc/lib/Cake/Routing/Dispatcher.php, line 258]
Trace:
Dispatcher::asset() - CORE/Cake/Routing/Dispatcher.php, line 258
Dispatcher::asset() - CORE/Cake/Routing/Dispatcher.php, line 258
Dispatcher::dispatch() - CORE/Cake/Routing/Dispatcher.php, line 71
[main] - APP/webroot/index.php, line 96

2012-01-28 12:57:48 Warning: Warning (2): include(/var/www/tcc/app/webroot//css.php): failed to open stream: No such file or directory in [/var/www/tcc/lib/Cake/Routing/Dispatcher.php, line 258]
Trace:
Dispatcher::asset() - CORE/Cake/Routing/Dispatcher.php, line 258
Dispatcher::asset() - CORE/Cake/Routing/Dispatcher.php, line 258
Dispatcher::dispatch() - CORE/Cake/Routing/Dispatcher.php, line 71
[main] - APP/webroot/index.php, line 96

2012-01-28 12:57:48 Warning: Warning (2): include(/var/www/tcc/app/webroot//css.php): failed to open stream: No such file or directory in [/var/www/tcc/lib/Cake/Routing/Dispatcher.php, line 258]
Trace:
Dispatcher::asset() - CORE/Cake/Routing/Dispatcher.php, line 258
Dispatcher::asset() - CORE/Cake/Routing/Dispatcher.php, line 258
Dispatcher::dispatch() - CORE/Cake/Routing/Dispatcher.php, line 71
[main] - APP/webroot/index.php, line 96

2012-01-28 12:57:48 Warning: Warning (2): include(/var/www/tcc/app/webroot//css.php): failed to open stream: No such file or directory in [/var/www/tcc/lib/Cake/Routing/Dispatcher.php, line 258]
Trace:
Dispatcher::asset() - CORE/Cake/Routing/Dispatcher.php, line 258
Dispatcher::asset() - CORE/Cake/Routing/Dispatcher.php, line 258
Dispatcher::dispatch() - CORE/Cake/Routing/Dispatcher.php, line 71
[main] - APP/webroot/index.php, line 96

2012-01-28 12:57:48 Warning: Warning (2): include() [http://php.net/function.include]: Failed opening '/var/www/tcc/app/webroot//css.php' for inclusion (include_path='/var/www/tcc/lib:.:/usr/share/php:/usr/share/pear') in [/var/www/tcc/lib/Cake/Routing/Dispatcher.php, line 258]
Trace:
Dispatcher::asset() - CORE/Cake/Routing/Dispatcher.php, line 258
Dispatcher::asset() - CORE/Cake/Routing/Dispatcher.php, line 258
Dispatcher::dispatch() - CORE/Cake/Routing/Dispatcher.php, line 71
[main] - APP/webroot/index.php, line 96

2012-01-28 12:57:48 Warning: Warning (2): include() [http://php.net/function.include]: Failed opening '/var/www/tcc/app/webroot//css.php' for inclusion (include_path='/var/www/tcc/lib:.:/usr/share/php:/usr/share/pear') in [/var/www/tcc/lib/Cake/Routing/Dispatcher.php, line 258]
Trace:
Dispatcher::asset() - CORE/Cake/Routing/Dispatcher.php, line 258
Dispatcher::asset() - CORE/Cake/Routing/Dispatcher.php, line 258
Dispatcher::dispatch() - CORE/Cake/Routing/Dispatcher.php, line 71
[main] - APP/webroot/index.php, line 96

2012-01-28 12:57:48 Warning: Warning (2): include() [http://php.net/function.include]: Failed opening '/var/www/tcc/app/webroot//css.php' for inclusion (include_path='/var/www/tcc/lib:.:/usr/share/php:/usr/share/pear') in [/var/www/tcc/lib/Cake/Routing/Dispatcher.php, line 258]
Trace:
Dispatcher::asset() - CORE/Cake/Routing/Dispatcher.php, line 258
Dispatcher::asset() - CORE/Cake/Routing/Dispatcher.php, line 258
Dispatcher::dispatch() - CORE/Cake/Routing/Dispatcher.php, line 71
[main] - APP/webroot/index.php, line 96

